<?xml version="1.0" encoding="UTF-8"?>
<!-- Generated by org.testng.reporters.JUnitReportReporter -->
<testsuite hostname="LAPTOP-8N3215D7" failures="0" tests="1" name="Doreamon.guru99flights" time="3.767" errors="0" timestamp="2023-03-21T18:39:52 IST" skipped="0">
  <testcase classname="Doreamon.guru99flights" name="flightsbutton" time="3.767"/>
  <system-out/>
</testsuite> <!-- Doreamon.guru99flights -->
