<?xml version="1.0" encoding="UTF-8"?>
<!-- Generated by org.testng.reporters.JUnitReportReporter -->
<testsuite hostname="LAPTOP-8N3215D7" failures="0" tests="5" name="Doreamon.Nobita" time="30.438" errors="0" timestamp="2023-03-17T13:20:53 IST" skipped="0">
  <testcase classname="Doreamon.Nobita" name="login" time="7.774"/>
  <system-out/>
  <testcase classname="Doreamon.Nobita" name="admin" time="7.115"/>
  <system-out/>
  <testcase classname="Doreamon.Nobita" name="PIM" time="3.005"/>
  <system-out/>
  <testcase classname="Doreamon.Nobita" name="Leave" time="6.424"/>
  <system-out/>
  <testcase classname="Doreamon.Nobita" name="logout" time="6.120"/>
  <system-out/>
</testsuite> <!-- Doreamon.Nobita -->
