<?xml version="1.0" encoding="UTF-8"?>
<!-- Generated by org.testng.reporters.JUnitReportReporter -->
<testsuite hostname="LAPTOP-8N3215D7" failures="0" tests="1" name="Doreamon.Shijuka" time="0.016" errors="0" timestamp="2023-03-13T16:41:44 IST" skipped="0">
  <testcase classname="Doreamon.Shijuka" name="login" time="0.016"/>
  <system-out/>
</testsuite> <!-- Doreamon.Shijuka -->
