<?xml version="1.0" encoding="UTF-8"?>
<!-- Generated by org.testng.reporters.JUnitReportReporter -->
<testsuite hostname="LAPTOP-8N3215D7" failures="0" tests="1" name="Doreamon.DragandDropannotation" time="22.130" errors="0" timestamp="2023-03-21T12:54:11 IST" skipped="0">
  <testcase classname="Doreamon.DragandDropannotation" name="frame" time="22.130"/>
  <system-out/>
</testsuite> <!-- Doreamon.DragandDropannotation -->
