<?xml version="1.0" encoding="UTF-8"?>
<!-- Generated by org.testng.reporters.JUnitReportReporter -->
<testsuite hostname="LAPTOP-8N3215D7" failures="0" tests="2" name="Doreamon.registerandfillinginfoguru99" time="10.286" errors="0" timestamp="2023-03-20T21:30:20 IST" skipped="0">
  <testcase classname="Doreamon.registerandfillinginfoguru99" name="register" time="6.916"/>
  <system-out/>
  <testcase classname="Doreamon.registerandfillinginfoguru99" name="fillinformation" time="3.370"/>
  <system-out/>
</testsuite> <!-- Doreamon.registerandfillinginfoguru99 -->
