<?xml version="1.0" encoding="UTF-8"?>
<!-- Generated by org.testng.reporters.JUnitReportReporter -->
<testsuite hostname="LAPTOP-8N3215D7" failures="0" tests="3" name="Doreamon.Guru99website" time="6.775" errors="0" timestamp="2023-03-20T19:38:45 IST" skipped="0">
  <testcase classname="Doreamon.Guru99website" name="login" time="1.922"/>
  <system-out/>
  <testcase classname="Doreamon.Guru99website" name="register" time="1.587"/>
  <system-out/>
  <testcase classname="Doreamon.Guru99website" name="fillinformation" time="3.266"/>
  <system-out/>
</testsuite> <!-- Doreamon.Guru99website -->
