<?xml version="1.0" encoding="UTF-8"?>
<!-- Generated by org.testng.reporters.JUnitReportReporter -->
<testsuite hostname="LAPTOP-8N3215D7" failures="0" tests="5" name="Doreamon.saucedemotrial" time="60.176" errors="0" timestamp="2023-03-22T22:47:10 IST" skipped="0">
  <testcase classname="Doreamon.saucedemotrial" name="login" time="0.251"/>
  <system-out/>
  <testcase classname="Doreamon.saucedemotrial" name="filters" time="12.289"/>
  <system-out/>
  <testcase classname="Doreamon.saucedemotrial" name="buyproduct" time="29.097"/>
  <system-out/>
  <testcase classname="Doreamon.saucedemotrial" name="about" time="11.492"/>
  <system-out/>
  <testcase classname="Doreamon.saucedemotrial" name="Logout" time="7.047"/>
  <system-out/>
</testsuite> <!-- Doreamon.saucedemotrial -->
