<?xml version="1.0" encoding="UTF-8"?>
<!-- Generated by org.testng.reporters.JUnitReportReporter -->
<testsuite hostname="LAPTOP-8N3215D7" failures="0" tests="3" name="Doreamon.Giyan" time="7.836" errors="0" timestamp="2023-03-20T19:15:36 IST" skipped="0">
  <testcase classname="Doreamon.Giyan" name="login" time="2.973"/>
  <system-out/>
  <testcase classname="Doreamon.Giyan" name="register" time="1.238"/>
  <system-out/>
  <testcase classname="Doreamon.Giyan" name="fillinformation" time="3.625"/>
  <system-out/>
</testsuite> <!-- Doreamon.Giyan -->
