<?xml version="1.0" encoding="UTF-8"?>
<!-- Generated by org.testng.reporters.JUnitReportReporter -->
<testsuite hostname="LAPTOP-8N3215D7" failures="0" tests="2" name="Doreamon.LogininGuru99" time="4.308" errors="0" timestamp="2023-03-21T15:12:31 IST" skipped="0">
  <testcase classname="Doreamon.LogininGuru99" name="login" time="3.222"/>
  <system-out/>
  <testcase classname="Doreamon.LogininGuru99" name="close" time="1.086"/>
  <system-out/>
</testsuite> <!-- Doreamon.LogininGuru99 -->
