<?xml version="1.0" encoding="UTF-8"?>
<!-- Generated by org.testng.reporters.JUnitReportReporter -->
<testsuite hostname="LAPTOP-8N3215D7" failures="0" tests="4" name="Doreamon.AlertannotationonQAwebsite" time="44.501" errors="0" timestamp="2023-03-21T12:02:40 IST" skipped="0">
  <testcase classname="Doreamon.AlertannotationonQAwebsite" name="alertbutton1" time="15.222"/>
  <system-out/>
  <testcase classname="Doreamon.AlertannotationonQAwebsite" name="alertButton2" time="15.083"/>
  <system-out/>
  <testcase classname="Doreamon.AlertannotationonQAwebsite" name="alertButton3" time="0.087"/>
  <system-out/>
  <testcase classname="Doreamon.AlertannotationonQAwebsite" name="alertButton4" time="14.109"/>
  <system-out/>
</testsuite> <!-- Doreamon.AlertannotationonQAwebsite -->
